<?xml version="1.0" encoding="UTF-8"?>
<!-- Generated by org.testng.reporters.JUnitXMLReporter -->
<testsuite ignored="0" hostname="DESKTOP-TBUGFAU" failures="1" tests="1" name="master" time="65.953" errors="0" timestamp="2024-11-19T07:37:32 IST">
  <testcase classname="utilities.TC001_resigster_verification" name="verify" time="21.621">
    <failure type="java.lang.AssertionError" message="expected [Your Account Has Been Created!] but found [Register Account]">
      <![CDATA[java.lang.AssertionError: expected [Your Account Has Been Created!] but found [Register Account]
at utilities.TC001_resigster_verification.verify(TC001_resigster_verification.java:38)
at java.base/java.util.ArrayList.forEach(ArrayList.java:1511)
... Removed 33 stack frames]]>
    </failure>
  </testcase> <!-- verify -->
</testsuite> <!-- master -->
