<?xml version="1.0" encoding="UTF-8"?>
<testng-results ignored="0" total="1" passed="1" failed="0" skipped="0">
  <reporter-output>
  </reporter-output>
  <suite started-at="2024-11-19T08:50:09 IST" name="Suite" finished-at="2024-11-19T08:51:01 IST" duration-ms="51765">
    <groups>
    </groups>
    <test started-at="2024-11-19T08:50:09 IST" name="Test" finished-at="2024-11-19T08:51:01 IST" duration-ms="51765">
      <class name="utilities.TC002_verifylogin">
        <test-method is-config="true" signature="setUp(java.lang.String,java.lang.String)[pri:0, instance:utilities.TC002_verifylogin@543295b0]" started-at="2024-11-19T08:50:09 IST" name="setUp" finished-at="2024-11-19T08:50:46 IST" duration-ms="36828" status="PASS">
          <params>
            <param index="0">
              <value>
                <![CDATA[window]]>
              </value>
            </param>
            <param index="1">
              <value>
                <![CDATA[chrome]]>
              </value>
            </param>
          </params>
          <reporter-output>
          </reporter-output>
        </test-method> <!-- setUp -->
        <test-method signature="verify_login()[pri:0, instance:utilities.TC002_verifylogin@543295b0]" started-at="2024-11-19T08:50:46 IST" name="verify_login" finished-at="2024-11-19T08:51:01 IST" duration-ms="14717" status="PASS">
          <reporter-output>
          </reporter-output>
        </test-method> <!-- verify_login -->
      </class> <!-- utilities.TC002_verifylogin -->
    </test> <!-- Test -->
  </suite> <!-- Suite -->
</testng-results>
